<?xml version="1.0" encoding="utf-8"?><testsuites name="pytest tests"><testsuite name="pytest" errors="0" failures="0" skipped="0" tests="8" time="1.171" timestamp="2026-07-05T06:41:03.208498+00:00" hostname="agent-env-5a10e0c5-b4e7-44a4-a0d5-4f1914ff7455"><testcase classname="tests.test_phase2_5.TestAnalyticsPhase25" name="test_usage_daily_returns_array" time="0.411" /><testcase classname="tests.test_phase2_5.TestInboxPhase25" name="test_simulate_inbound_returns_conversation_id_and_created" time="0.417" /><testcase classname="tests.test_phase2_5.TestAnalyticsPhase25" name="test_usage_cost_shape" time="0.087" /><testcase classname="tests.test_phase2_5.TestInboxPhase25" name="test_simulate_inbound_with_new_waid" time="0.055" /><testcase classname="tests.test_phase2_5.TestInboxPhase25" name="test_get_conversations_returns_array" time="0.046" /><testcase classname="tests.test_phase2_5.TestAnalyticsPhase25" name="test_analytics_dashboard_shape" time="0.094" /><testcase classname="tests.test_phase2_5.TestInboxPhase25" name="test_get_conversation_messages" time="0.092" /><testcase classname="tests.test_phase2_5.TestPlatformPhase25" name="test_platform_overview_requires_super_admin" time="0.043" /></testsuite></testsuites>